<?xml version="1.0" encoding="UTF-8"?>
<!-- Generated by org.testng.reporters.JUnitXMLReporter -->
<testsuite ignored="0" hostname="DESKTOP-1THNATK" failures="0" tests="4" name="Car loan" time="0.063" errors="0" timestamp="2023-07-18T14:22:53 IST">
  <testcase classname="Test.Day3" name="MobileLoginCarloan" time="0.003"/>
  <testcase classname="Test.Day3" name="MobileLoginCarloan2" time="0.017"/>
  <testcase classname="Test.Day3" name="MobileLoginCarloan3" time="0.004"/>
  <testcase classname="Test.Day3" name="WebLoginCarloan" time="0.008"/>
</testsuite> <!-- Car loan -->
