<?xml version="1.0" encoding="UTF-8"?>
<!-- Generated by org.testng.reporters.JUnitXMLReporter -->
<testsuite ignored="6" hostname="DESKTOP-1THNATK" failures="0" tests="0" time="0.004" errors="0" timestamp="2023-07-18T13:20:10 IST">
  <testcase classname="Test.Day3" name="MobileLoginCarloan" time="0.0">
    <ignored/>
  </testcase> <!-- MobileLoginCarloan -->
  <testcase classname="Test.Day3" name="ApICarloan" time="0.0">
    <ignored/>
  </testcase> <!-- ApICarloan -->
  <testcase classname="Test.Day3" name="MobileLoginCarloan3" time="0.0">
    <ignored/>
  </testcase> <!-- MobileLoginCarloan3 -->
  <testcase classname="Test.Day3" name="MobileLoginCarloan1" time="0.0">
    <ignored/>
  </testcase> <!-- MobileLoginCarloan1 -->
  <testcase classname="Test.Day3" name="MobileLoginCarloan2" time="0.0">
    <ignored/>
  </testcase> <!-- MobileLoginCarloan2 -->
  <testcase classname="Test.Day3" name="WebLoginCarloan" time="0.0">
    <ignored/>
  </testcase> <!-- WebLoginCarloan -->
</testsuite>
