<?xml version="1.0" encoding="UTF-8"?>
<!-- Generated by org.testng.reporters.JUnitXMLReporter -->
<testsuite ignored="2" hostname="DESKTOP-1THNATK" failures="0" tests="10" name="Regression" time="0.303" errors="0" timestamp="2023-07-18T11:18:15 IST">
  <testcase classname="Test.Day1" name="demo" time="0.01"/>
  <testcase classname="Test.Day1" name="demo1" time="0.007"/>
  <testcase classname="Test.Day4" name="LoginApiHomeloan" time="0.012"/>
  <testcase classname="Test.Day4" name="MobileLoginHomeloan" time="0.005"/>
  <testcase classname="Test.Day4" name="WebLoginHomeloan" time="0.008"/>
  <testcase classname="Test.Day3" name="MobileLoginCarloan" time="0.016"/>
  <testcase classname="Test.Day3" name="MobileLoginCarloan1" time="0.01"/>
  <testcase classname="Test.Day3" name="MobileLoginCarloan2" time="0.01"/>
  <testcase classname="Test.Day3" name="MobileLoginCarloan3" time="0.006"/>
  <testcase classname="Test.Day3" name="WebLoginCarloan" time="0.004"/>
  <testcase classname="Test.Day2" name="ploan" time="0.0">
    <ignored/>
  </testcase> <!-- ploan -->
  <testcase classname="Test.Day3" name="ApICarloan" time="0.0">
    <ignored/>
  </testcase> <!-- ApICarloan -->
</testsuite> <!-- Regression -->
